This is pdfTeX, Version 3.14159265-2.6-1.40.16 (TeX Live 2015/Debian) (preloaded format=pdflatex 2016.3.1)  24 FEB 2017 03:00
entering extended mode
 restricted \write18 enabled.
 %&-line parsing enabled.
**miccai2017_cmrep.tex
(./miccai2017_cmrep.tex
LaTeX2e <2015/01/01>
Babel <3.9l> and hyphenation patterns for 79 languages loaded.
(./llncs.cls
Document Class: llncs 2013/09/27 v2.18 
 LaTeX document class for Lecture Notes in Computer Science
(/usr/share/texlive/texmf-dist/tex/latex/base/article.cls
Document Class: article 2014/09/29 v1.4h Standard LaTeX document class
(/usr/share/texlive/texmf-dist/tex/latex/base/size10.clo
File: size10.clo 2014/09/29 v1.4h Standard LaTeX file (size option)
)
\c@part=\count79
\c@section=\count80
\c@subsection=\count81
\c@subsubsection=\count82
\c@paragraph=\count83
\c@subparagraph=\count84
\c@figure=\count85
\c@table=\count86
\abovecaptionskip=\skip41
\belowcaptionskip=\skip42
\bibindent=\dimen102
)
(/usr/share/texlive/texmf-dist/tex/latex/tools/multicol.sty
Package: multicol 2015/03/31 v1.8m multicolumn formatting (FMi)
\c@tracingmulticols=\count87
\mult@box=\box26
\multicol@leftmargin=\dimen103
\c@unbalance=\count88
\c@collectmore=\count89
\doublecol@number=\count90
\multicoltolerance=\count91
\multicolpretolerance=\count92
\full@width=\dimen104
\page@free=\dimen105
\premulticols=\dimen106
\postmulticols=\dimen107
\multicolsep=\skip43
\multicolbaselineskip=\skip44
\partial@page=\box27
\last@line=\box28
\maxbalancingoverflow=\dimen108
\mult@rightbox=\box29
\mult@grightbox=\box30
\mult@gfirstbox=\box31
\mult@firstbox=\box32
\@tempa=\box33
\@tempa=\box34
\@tempa=\box35
\@tempa=\box36
\@tempa=\box37
\@tempa=\box38
\@tempa=\box39
\@tempa=\box40
\@tempa=\box41
\@tempa=\box42
\@tempa=\box43
\@tempa=\box44
\@tempa=\box45
\@tempa=\box46
\@tempa=\box47
\@tempa=\box48
\@tempa=\box49
\c@columnbadness=\count93
\c@finalcolumnbadness=\count94
\last@try=\dimen109
\multicolovershoot=\dimen110
\multicolundershoot=\dimen111
\mult@nat@firstbox=\box50
\colbreak@box=\box51
\mc@col@check@num=\count95
) (./aliascnt.sty
Package: aliascnt 2009/09/08 v1.3 Alias counter (HO)

(./remreset.sty))
\c@chapter=\count96
LaTeX Font Info:    Redeclaring math symbol \Gamma on input line 362.
LaTeX Font Info:    Redeclaring math symbol \Delta on input line 363.
LaTeX Font Info:    Redeclaring math symbol \Theta on input line 364.
LaTeX Font Info:    Redeclaring math symbol \Lambda on input line 365.
LaTeX Font Info:    Redeclaring math symbol \Xi on input line 366.
LaTeX Font Info:    Redeclaring math symbol \Pi on input line 367.
LaTeX Font Info:    Redeclaring math symbol \Sigma on input line 368.
LaTeX Font Info:    Redeclaring math symbol \Upsilon on input line 369.
LaTeX Font Info:    Redeclaring math symbol \Phi on input line 370.
LaTeX Font Info:    Redeclaring math symbol \Psi on input line 371.
LaTeX Font Info:    Redeclaring math symbol \Omega on input line 372.
\tocchpnum=\dimen112
\tocsecnum=\dimen113
\tocsectotal=\dimen114
\tocsubsecnum=\dimen115
\tocsubsectotal=\dimen116
\tocsubsubsecnum=\dimen117
\tocsubsubsectotal=\dimen118
\tocparanum=\dimen119
\tocparatotal=\dimen120
\tocsubparanum=\dimen121
\@tempcntc=\count97
\fnindent=\dimen122
\c@@inst=\count98
\c@@auth=\count99
\c@auco=\count100
\instindent=\dimen123
\authrun=\box52
\authorrunning=\toks14
\tocauthor=\toks15
\titrun=\box53
\titlerunning=\toks16
\toctitle=\toks17
\c@theorem=\count101
\c@case=\count102
\c@conjecture=\count103
\c@corollary=\count104
\c@definition=\count105
\c@example=\count106
\c@exercise=\count107
\c@lemma=\count108
\c@note=\count109
\c@problem=\count110
\c@property=\count111
\c@proposition=\count112
\c@question=\count113
\c@solution=\count114
\c@remark=\count115
\headlineindent=\dimen124
) (/usr/share/texlive/texmf-dist/tex/latex/amsmath/amsmath.sty
Package: amsmath 2013/01/14 v2.14 AMS math features
\@mathmargin=\skip45
For additional information on amsmath, use the `?' option.
(/usr/share/texlive/texmf-dist/tex/latex/amsmath/amstext.sty
Package: amstext 2000/06/29 v2.01

(/usr/share/texlive/texmf-dist/tex/latex/amsmath/amsgen.sty
File: amsgen.sty 1999/11/30 v2.0
\@emptytoks=\toks18
\ex@=\dimen125
))
(/usr/share/texlive/texmf-dist/tex/latex/amsmath/amsbsy.sty
Package: amsbsy 1999/11/29 v1.2d
\pmbraise@=\dimen126
)
(/usr/share/texlive/texmf-dist/tex/latex/amsmath/amsopn.sty
Package: amsopn 1999/12/14 v2.01 operator names
)
\inf@bad=\count116
LaTeX Info: Redefining \frac on input line 210.
\uproot@=\count117
\leftroot@=\count118
LaTeX Info: Redefining \overline on input line 306.
\classnum@=\count119
\DOTSCASE@=\count120
LaTeX Info: Redefining \ldots on input line 378.
LaTeX Info: Redefining \dots on input line 381.
LaTeX Info: Redefining \cdots on input line 466.
\Mathstrutbox@=\box54
\strutbox@=\box55
\big@size=\dimen127
LaTeX Font Info:    Redeclaring font encoding OML on input line 566.
LaTeX Font Info:    Redeclaring font encoding OMS on input line 567.


Package amsmath Warning: Unable to redefine math accent \vec.

\macc@depth=\count121
\c@MaxMatrixCols=\count122
\dotsspace@=\muskip10
\c@parentequation=\count123
\dspbrk@lvl=\count124
\tag@help=\toks19
\row@=\count125
\column@=\count126
\maxfields@=\count127
\andhelp@=\toks20
\eqnshift@=\dimen128
\alignsep@=\dimen129
\tagshift@=\dimen130
\tagwidth@=\dimen131
\totwidth@=\dimen132
\lineht@=\dimen133
\@envbody=\toks21
\multlinegap=\skip46
\multlinetaggap=\skip47
\mathdisplay@stack=\toks22
LaTeX Info: Redefining \[ on input line 2665.
LaTeX Info: Redefining \] on input line 2666.
) (/usr/share/texlive/texmf-dist/tex/latex/amsfonts/amsfonts.sty
Package: amsfonts 2013/01/14 v3.01 Basic AMSFonts support
\symAMSa=\mathgroup4
\symAMSb=\mathgroup5
LaTeX Font Info:    Overwriting math alphabet `\mathfrak' in version `bold'
(Font)                  U/euf/m/n --> U/euf/b/n on input line 106.
)
(/usr/share/texlive/texmf-dist/tex/latex/amsfonts/amssymb.sty
Package: amssymb 2013/01/14 v3.01 AMS font symbols
)
(/usr/share/texlive/texmf-dist/tex/latex/graphics/graphicx.sty
Package: graphicx 2014/10/28 v1.0g Enhanced LaTeX Graphics (DPC,SPQR)

(/usr/share/texlive/texmf-dist/tex/latex/graphics/keyval.sty
Package: keyval 2014/10/28 v1.15 key=value parser (DPC)
\KV@toks@=\toks23
)
(/usr/share/texlive/texmf-dist/tex/latex/graphics/graphics.sty
Package: graphics 2014/10/28 v1.0p Standard LaTeX Graphics (DPC,SPQR)

(/usr/share/texlive/texmf-dist/tex/latex/graphics/trig.sty
Package: trig 1999/03/16 v1.09 sin cos tan (DPC)
)
(/usr/share/texlive/texmf-dist/tex/latex/latexconfig/graphics.cfg
File: graphics.cfg 2010/04/23 v1.9 graphics configuration of TeX Live
)
Package graphics Info: Driver file: pdftex.def on input line 94.

(/usr/share/texlive/texmf-dist/tex/latex/pdftex-def/pdftex.def
File: pdftex.def 2011/05/27 v0.06d Graphics/color for pdfTeX

(/usr/share/texlive/texmf-dist/tex/generic/oberdiek/infwarerr.sty
Package: infwarerr 2010/04/08 v1.3 Providing info/warning/error messages (HO)
)
(/usr/share/texlive/texmf-dist/tex/generic/oberdiek/ltxcmds.sty
Package: ltxcmds 2011/11/09 v1.22 LaTeX kernel commands for general use (HO)
)
\Gread@gobject=\count128
))
\Gin@req@height=\dimen134
\Gin@req@width=\dimen135
)
(/usr/share/texlive/texmf-dist/tex/latex/url/url.sty
\Urlmuskip=\muskip11
Package: url 2013/09/16  ver 3.4  Verb mode for urls, etc.
)
(/usr/share/texlive/texmf-dist/tex/latex/blindtext/blindtext.sty
Package: blindtext 2012/01/06 V2.0 blindtext-Package

(/usr/share/texlive/texmf-dist/tex/latex/tools/xspace.sty
Package: xspace 2014/10/28 v1.13 Space after command names (DPC,MH)
)
\c@blindtext=\count129
\c@Blindtext=\count130
\c@blind@countparstart=\count131
\blind@countxx=\count132
\blindtext@numBlindtext=\count133
\blind@countyy=\count134
\c@blindlist=\count135
\c@blindlistlevel=\count136
\c@blindlist@level=\count137
\blind@listitem=\count138
\c@blind@listcount=\count139
\c@blind@levelcount=\count140
\blind@mathformula=\count141
\blind@Mathformula=\count142
\c@blind@randomcount=\count143
\c@blind@randommax=\count144
\c@blind@pangramcount=\count145
\c@blind@pangrammax=\count146
)
(/usr/share/texlive/texmf-dist/tex/latex/enumitem/enumitem.sty
Package: enumitem 2011/09/28 v3.5.2 Customized lists
\labelindent=\skip48
\enit@outerparindent=\dimen136
\enit@toks=\toks24
\enit@inbox=\box56
\enitdp@description=\count147
)
(/usr/share/texlive/texmf-dist/tex/latex/algorithmicx/algpseudocode.sty
Package: algpseudocode 

(/usr/share/texlive/texmf-dist/tex/latex/base/ifthen.sty
Package: ifthen 2014/09/29 v1.1c Standard LaTeX ifthen package (DPC)
)
(/usr/share/texlive/texmf-dist/tex/latex/algorithmicx/algorithmicx.sty
Package: algorithmicx 2005/04/27 v1.2 Algorithmicx

Document Style algorithmicx 1.2 - a greatly improved `algorithmic' style
\c@ALG@line=\count148
\c@ALG@rem=\count149
\c@ALG@nested=\count150
\ALG@tlm=\skip49
\ALG@thistlm=\skip50
\c@ALG@Lnr=\count151
\c@ALG@blocknr=\count152
\c@ALG@storecount=\count153
\c@ALG@tmpcounter=\count154
\ALG@tmplength=\skip51
)
Document Style - pseudocode environments for use with the `algorithmicx' style
) (/usr/share/texlive/texmf-dist/tex/latex/caption/caption.sty
Package: caption 2013/05/02 v3.3-89 Customizing captions (AR)

(/usr/share/texlive/texmf-dist/tex/latex/caption/caption3.sty
Package: caption3 2013/05/02 v1.6-88 caption3 kernel (AR)
Package caption3 Info: TeX engine: e-TeX on input line 57.
\captionmargin=\dimen137
\captionmargin@=\dimen138
\captionwidth=\dimen139
\caption@tempdima=\dimen140
\caption@indent=\dimen141
\caption@parindent=\dimen142
\caption@hangindent=\dimen143
Package caption Info: Unknown document class (or package),
(caption)             standard defaults will be used.
)

Package caption Warning: Unsupported document class (or package) detected,
(caption)                usage of the caption package is not recommended.
See the caption package documentation for explanation.

Package caption Info: \@makecaption = \long macro:#1#2->\small \vskip \abovecap
tionskip \sbox \@tempboxa {{\bfseries #1.} #2}\ifdim \wd \@tempboxa >\hsize {\b
fseries #1.} #2\par \else \global \@minipagefalse \hb@xt@ \hsize {\hfil \box \@
tempboxa \hfil }\fi \vskip \belowcaptionskip .
\c@ContinuedFloat=\count155
) (/usr/share/texlive/texmf-dist/tex/latex/subfig/subfig.sty
Package: subfig 2005/06/28 ver: 1.3 subfig package
\c@KVtest=\count156
\sf@farskip=\skip52
\sf@captopadj=\dimen144
\sf@capskip=\skip53
\sf@nearskip=\skip54
\c@subfigure=\count157
\c@subfigure@save=\count158
\c@lofdepth=\count159
\c@subtable=\count160
\c@subtable@save=\count161
\c@lotdepth=\count162
\sf@top=\skip55
\sf@bottom=\skip56
)
(/usr/share/texlive/texmf-dist/tex/latex/cite/cite.sty
LaTeX Info: Redefining \cite on input line 302.
LaTeX Info: Redefining \nocite on input line 332.
Package: cite 2015/02/27  v 5.5
)
(/usr/share/texlive/texmf-dist/tex/latex/tools/hhline.sty
Package: hhline 2014/10/28 v2.03 Table rule package (DPC)
)
(/usr/share/texlive/texmf-dist/tex/latex/preprint/authblk.sty
Package: authblk 2001/02/27 1.3 (PWD)
\affilsep=\skip57
\@affilsep=\skip58
\c@Maxaffil=\count163
\c@authors=\count164
\c@affil=\count165
)
(/usr/share/texlive/texmf-dist/tex/latex/comment/comment.sty
\CommentStream=\write3

Excluding comment 'comment')
(/usr/share/texlive/texmf-dist/tex/latex/adjustbox/adjustbox.sty
Package: adjustbox 2012/05/21 v1.0 Adjusting TeX boxes (trim, clip, ...)

(/usr/share/texlive/texmf-dist/tex/latex/xkeyval/xkeyval.sty
Package: xkeyval 2014/12/03 v2.7a package option processing (HA)

(/usr/share/texlive/texmf-dist/tex/generic/xkeyval/xkeyval.tex
(/usr/share/texlive/texmf-dist/tex/generic/xkeyval/xkvutils.tex
\XKV@toks=\toks25
\XKV@tempa@toks=\toks26
)
\XKV@depth=\count166
File: xkeyval.tex 2014/12/03 v2.7a key=value parser (HA)
))
(/usr/share/texlive/texmf-dist/tex/latex/adjustbox/adjcalc.sty
Package: adjcalc 2012/05/16 v1.1 Provides advanced setlength with multiple back
-ends (calc, etex, pgfmath)
)
(/usr/share/texlive/texmf-dist/tex/latex/adjustbox/trimclip.sty
Package: trimclip 2012/05/16 v1.0 Trim and clip general TeX material

(/usr/share/texlive/texmf-dist/tex/latex/collectbox/collectbox.sty
Package: collectbox 2012/05/17 v0.4b Collect macro arguments as boxes
\collectedbox=\box57
)
\tc@llx=\dimen145
\tc@lly=\dimen146
\tc@urx=\dimen147
\tc@ury=\dimen148
Package trimclip Info: Using driver 'tc-pdftex.def'.

(/usr/share/texlive/texmf-dist/tex/latex/adjustbox/tc-pdftex.def
File: tc-pdftex.def 2012/05/13 v1.0 Clipping driver for pdftex
))
\adjbox@Width=\dimen149
\adjbox@Height=\dimen150
\adjbox@Depth=\dimen151
\adjbox@Totalheight=\dimen152

(/usr/share/texlive/texmf-dist/tex/latex/ifoddpage/ifoddpage.sty
Package: ifoddpage 2011/09/13 v1.0 Conditionals for odd/even page detection
\c@checkoddpage=\count167
)
(/usr/share/texlive/texmf-dist/tex/latex/varwidth/varwidth.sty
Package: varwidth 2009/03/30 ver 0.92;  Variable-width minipages
\@vwid@box=\box58
\sift@deathcycles=\count168
\@vwid@loff=\dimen153
\@vwid@roff=\dimen154
))
(./miccai2017_cmrep.aux)
\openout1 = `miccai2017_cmrep.aux'.

LaTeX Font Info:    Checking defaults for OML/cmm/m/it on input line 40.
LaTeX Font Info:    ... okay on input line 40.
LaTeX Font Info:    Checking defaults for T1/cmr/m/n on input line 40.
LaTeX Font Info:    ... okay on input line 40.
LaTeX Font Info:    Checking defaults for OT1/cmr/m/n on input line 40.
LaTeX Font Info:    ... okay on input line 40.
LaTeX Font Info:    Checking defaults for OMS/cmsy/m/n on input line 40.
LaTeX Font Info:    ... okay on input line 40.
LaTeX Font Info:    Checking defaults for OMX/cmex/m/n on input line 40.
LaTeX Font Info:    ... okay on input line 40.
LaTeX Font Info:    Checking defaults for U/cmr/m/n on input line 40.
LaTeX Font Info:    ... okay on input line 40.

(/usr/share/texlive/texmf-dist/tex/context/base/supp-pdf.mkii
[Loading MPS to PDF converter (version 2006.09.02).]
\scratchcounter=\count169
\scratchdimen=\dimen155
\scratchbox=\box59
\nofMPsegments=\count170
\nofMParguments=\count171
\everyMPshowfont=\toks27
\MPscratchCnt=\count172
\MPscratchDim=\dimen156
\MPnumerator=\count173
\makeMPintoPDFobject=\count174
\everyMPtoPDFconversion=\toks28
) (/usr/share/texlive/texmf-dist/tex/generic/oberdiek/pdftexcmds.sty
Package: pdftexcmds 2011/11/29 v0.20 Utility functions of pdfTeX for LuaTeX (HO
)

(/usr/share/texlive/texmf-dist/tex/generic/oberdiek/ifluatex.sty
Package: ifluatex 2010/03/01 v1.3 Provides the ifluatex switch (HO)
Package ifluatex Info: LuaTeX not detected.
)
(/usr/share/texlive/texmf-dist/tex/generic/oberdiek/ifpdf.sty
Package: ifpdf 2011/01/30 v2.3 Provides the ifpdf switch (HO)
Package ifpdf Info: pdfTeX in PDF mode is detected.
)
Package pdftexcmds Info: LuaTeX not detected.
Package pdftexcmds Info: \pdf@primitive is available.
Package pdftexcmds Info: \pdf@ifprimitive is available.
Package pdftexcmds Info: \pdfdraftmode found.
)
(/usr/share/texlive/texmf-dist/tex/latex/oberdiek/epstopdf-base.sty
Package: epstopdf-base 2010/02/09 v2.5 Base part for package epstopdf

(/usr/share/texlive/texmf-dist/tex/latex/oberdiek/grfext.sty
Package: grfext 2010/08/19 v1.1 Manage graphics extensions (HO)

(/usr/share/texlive/texmf-dist/tex/generic/oberdiek/kvdefinekeys.sty
Package: kvdefinekeys 2011/04/07 v1.3 Define keys (HO)
))
(/usr/share/texlive/texmf-dist/tex/latex/oberdiek/kvoptions.sty
Package: kvoptions 2011/06/30 v3.11 Key value format for package options (HO)

(/usr/share/texlive/texmf-dist/tex/generic/oberdiek/kvsetkeys.sty
Package: kvsetkeys 2012/04/25 v1.16 Key value parser (HO)

(/usr/share/texlive/texmf-dist/tex/generic/oberdiek/etexcmds.sty
Package: etexcmds 2011/02/16 v1.5 Avoid name clashes with e-TeX commands (HO)
Package etexcmds Info: Could not find \expanded.
(etexcmds)             That can mean that you are not using pdfTeX 1.50 or
(etexcmds)             that some package has redefined \expanded.
(etexcmds)             In the latter case, load this package earlier.
)))
Package grfext Info: Graphics extension search list:
(grfext)             [.png,.pdf,.jpg,.mps,.jpeg,.jbig2,.jb2,.PNG,.PDF,.JPG,.JPE
G,.JBIG2,.JB2,.eps]
(grfext)             \AppendGraphicsExtensions on input line 452.

(/usr/share/texlive/texmf-dist/tex/latex/latexconfig/epstopdf-sys.cfg
File: epstopdf-sys.cfg 2010/07/13 v1.3 Configuration of (r)epstopdf for TeX Liv
e
))
Package caption Info: Begin \AtBeginDocument code.
Package caption Info: subfig package v1.3 is loaded.
Package caption Info: End \AtBeginDocument code.
LaTeX Font Info:    Try loading font information for U+msa on input line 49.

(/usr/share/texlive/texmf-dist/tex/latex/amsfonts/umsa.fd
File: umsa.fd 2013/01/14 v3.01 AMS symbols A
)
LaTeX Font Info:    Try loading font information for U+msb on input line 49.

(/usr/share/texlive/texmf-dist/tex/latex/amsfonts/umsb.fd
File: umsb.fd 2013/01/14 v3.01 AMS symbols B
) [1


{/var/lib/texmf/fonts/map/pdftex/updmap/pdftex.map}]
Underfull \vbox (badness 2158) has occurred while \output is active []

 [2]
[3] [4] <./figure/Observation1.png, id=30, 722.7pt x 661.47125pt>
File: ./figure/Observation1.png Graphic file (type png)

<use ./figure/Observation1.png>
Package pdftex.def Info: ./figure/Observation1.png used on input line 168.
(pdftex.def)             Requested size: 62.59209pt x 62.58809pt.

<./figure/Observation2.png, id=31, 722.7pt x 660.4675pt>
File: ./figure/Observation2.png Graphic file (type png)

<use ./figure/Observation2.png>
Package pdftex.def Info: ./figure/Observation2.png used on input line 170.
(pdftex.def)             Requested size: 62.59209pt x 62.59389pt.

<./figure/Observation3.png, id=32, 721.69624pt x 660.4675pt>
File: ./figure/Observation3.png Graphic file (type png)

<use ./figure/Observation3.png>
Package pdftex.def Info: ./figure/Observation3.png used on input line 172.
(pdftex.def)             Requested size: 62.59325pt x 62.59389pt.

<./figure/ReconTraj_01.png, id=33, 725.71124pt x 662.475pt>
File: ./figure/ReconTraj_01.png Graphic file (type png)

<use ./figure/ReconTraj_01.png>
Package pdftex.def Info: ./figure/ReconTraj_01.png used on input line 173.
(pdftex.def)             Requested size: 62.58711pt x 62.59209pt.

<./figure/ReconTraj_02.png, id=34, 723.70375pt x 661.47125pt>
File: ./figure/ReconTraj_02.png Graphic file (type png)

<use ./figure/ReconTraj_02.png>
Package pdftex.def Info: ./figure/ReconTraj_02.png used on input line 174.
(pdftex.def)             Requested size: 62.59067pt x 62.58809pt.

<./figure/ReconTraj_03.png, id=35, 722.7pt x 661.47125pt>
File: ./figure/ReconTraj_03.png Graphic file (type png)

<use ./figure/ReconTraj_03.png>
Package pdftex.def Info: ./figure/ReconTraj_03.png used on input line 175.
(pdftex.def)             Requested size: 62.59209pt x 62.58809pt.

<./figure/ReconTraj_04.png, id=36, 722.7pt x 660.4675pt>
File: ./figure/ReconTraj_04.png Graphic file (type png)

<use ./figure/ReconTraj_04.png>
Package pdftex.def Info: ./figure/ReconTraj_04.png used on input line 176.
(pdftex.def)             Requested size: 62.59209pt x 62.59389pt.

<./figure/ReconTraj_05.png, id=37, 725.71124pt x 663.47874pt>
File: ./figure/ReconTraj_05.png Graphic file (type png)

<use ./figure/ReconTraj_05.png>
Package pdftex.def Info: ./figure/ReconTraj_05.png used on input line 177.
(pdftex.def)             Requested size: 62.58711pt x 62.5958pt.

Overfull \hbox (0.6586pt too wide) in paragraph at lines 173--177
 [][][][][][] 
 []

<./figure/CMRepTraj_01.png, id=38, 722.7pt x 661.47125pt>
File: ./figure/CMRepTraj_01.png Graphic file (type png)

<use ./figure/CMRepTraj_01.png>
Package pdftex.def Info: ./figure/CMRepTraj_01.png used on input line 178.
(pdftex.def)             Requested size: 62.59209pt x 62.58809pt.

<./figure/CMRepTraj_02.png, id=39, 723.70375pt x 660.4675pt>
File: ./figure/CMRepTraj_02.png Graphic file (type png)

<use ./figure/CMRepTraj_02.png>
Package pdftex.def Info: ./figure/CMRepTraj_02.png used on input line 179.
(pdftex.def)             Requested size: 62.59067pt x 62.59389pt.

<./figure/CMRepTraj_03.png, id=40, 724.7075pt x 661.47125pt>
File: ./figure/CMRepTraj_03.png Graphic file (type png)

<use ./figure/CMRepTraj_03.png>
Package pdftex.def Info: ./figure/CMRepTraj_03.png used on input line 180.
(pdftex.def)             Requested size: 62.58902pt x 62.58809pt.

<./figure/CMRepTraj_04.png, id=41, 724.7075pt x 659.46375pt>
File: ./figure/CMRepTraj_04.png Graphic file (type png)

<use ./figure/CMRepTraj_04.png>
Package pdftex.def Info: ./figure/CMRepTraj_04.png used on input line 181.
(pdftex.def)             Requested size: 62.58902pt x 62.58932pt.

<./figure/CMRepTraj_05.png, id=42, 722.7pt x 659.46375pt>
File: ./figure/CMRepTraj_05.png Graphic file (type png)

<use ./figure/CMRepTraj_05.png>
Package pdftex.def Info: ./figure/CMRepTraj_05.png used on input line 182.
(pdftex.def)             Requested size: 62.59209pt x 62.58932pt.

Overfull \hbox (0.66241pt too wide) in paragraph at lines 178--183
 [][][][][][] 
 []

<./figure/RadiusSlope_High_ColorBar.png, id=43, 724.7075pt x 662.475pt>
File: ./figure/RadiusSlope_High_ColorBar.png Graphic file (type png)

<use ./figure/RadiusSlope_High_ColorBar.png>
Package pdftex.def Info: ./figure/RadiusSlope_High_ColorBar.png used on input l
ine 190.
(pdftex.def)             Requested size: 142.26286pt x 113.80196pt.

<./figure/RadiusSlope_Cont_ColorScale.png, id=44, 722.7pt x 661.47125pt>
File: ./figure/RadiusSlope_Cont_ColorScale.png Graphic file (type png)

<use ./figure/RadiusSlope_Cont_ColorScale.png>
Package pdftex.def Info: ./figure/RadiusSlope_Cont_ColorScale.png used on input
 line 191.
(pdftex.def)             Requested size: 142.26576pt x 113.80112pt.

<./figure/PValue_High.png, id=45, 724.7075pt x 656.4525pt>
File: ./figure/PValue_High.png Graphic file (type png)

<use ./figure/PValue_High.png>
Package pdftex.def Info: ./figure/PValue_High.png used on input line 192.
(pdftex.def)             Requested size: 142.26286pt x 113.80913pt.

<./figure/PValue_Cont.png, id=46, 724.7075pt x 657.45625pt>
File: ./figure/PValue_Cont.png Graphic file (type png)

<use ./figure/PValue_Cont.png>
Package pdftex.def Info: ./figure/PValue_Cont.png used on input line 193.
(pdftex.def)             Requested size: 142.26286pt x 113.80257pt.
 [5 <./figure/Observation1.png> <./figure/Observation2.png> <./figure/Observati
on3.png> <./figure/ReconTraj_01.png> <./figure/ReconTraj_02.png> <./figure/Reco
nTraj_03.png> <./figure/ReconTraj_04.png> <./figure/ReconTraj_05.png> <./figure
/CMRepTraj_01.png> <./figure/CMRepTraj_02.png> <./figure/CMRepTraj_03.png> <./f
igure/CMRepTraj_04.png> <./figure/CMRepTraj_05.png>]
Underfull \vbox (badness 6016) has occurred while \output is active []

 [6 <./figure/RadiusSlope_High_ColorBar.png> <./figure/RadiusSlope_Cont_ColorSc
ale.png> <./figure/PValue_High.png> <./figure/PValue_Cont.png>]
Excluding 'comment' comment. Excluding 'comment' comment.
(./miccai2017_cmrep.bbl [7]) [8] (./miccai2017_cmrep.aux) ) 
Here is how much of TeX's memory you used:
 6051 strings out of 493085
 89907 string characters out of 6136918
 168376 words of memory out of 5000000
 9395 multiletter control sequences out of 15000+600000
 9127 words of font info for 34 fonts, out of 8000000 for 9000
 1141 hyphenation exceptions out of 8191
 38i,9n,85p,1061b,449s stack positions out of 5000i,500n,10000p,200000b,80000s
</usr/share/texlive/
texmf-dist/fonts/type1/public/amsfonts/cm/cmbx10.pfb></usr/share/texlive/texmf-
dist/fonts/type1/public/amsfonts/cm/cmbx12.pfb></usr/share/texlive/texmf-dist/f
onts/type1/public/amsfonts/cm/cmbx7.pfb></usr/share/texlive/texmf-dist/fonts/ty
pe1/public/amsfonts/cm/cmbx9.pfb></usr/share/texlive/texmf-dist/fonts/type1/pub
lic/amsfonts/cm/cmex10.pfb></usr/share/texlive/texmf-dist/fonts/type1/public/am
sfonts/cm/cmmi10.pfb></usr/share/texlive/texmf-dist/fonts/type1/public/amsfonts
/cm/cmmi5.pfb></usr/share/texlive/texmf-dist/fonts/type1/public/amsfonts/cm/cmm
i7.pfb></usr/share/texlive/texmf-dist/fonts/type1/public/amsfonts/cm/cmr10.pfb>
</usr/share/texlive/texmf-dist/fonts/type1/public/amsfonts/cm/cmr5.pfb></usr/sh
are/texlive/texmf-dist/fonts/type1/public/amsfonts/cm/cmr7.pfb></usr/share/texl
ive/texmf-dist/fonts/type1/public/amsfonts/cm/cmr9.pfb></usr/share/texlive/texm
f-dist/fonts/type1/public/amsfonts/cm/cmsy10.pfb></usr/share/texlive/texmf-dist
/fonts/type1/public/amsfonts/cm/cmsy7.pfb></usr/share/texlive/texmf-dist/fonts/
type1/public/amsfonts/cm/cmti7.pfb>
Output written on miccai2017_cmrep.pdf (8 pages, 1768546 bytes).
PDF statistics:
 108 PDF objects out of 1000 (max. 8388607)
 65 compressed objects within 1 object stream
 0 named destinations out of 1000 (max. 500000)
 86 words of extra memory for PDF output out of 10000 (max. 10000000)

